Traceback (most recent call last):
  File "/Users/franklinayala/venvs/oceanicospy-dev-ffayalac/lib/python3.10/site-packages/jupyter_cache/executors/utils.py", line 58, in single_nb_execution
    executenb(
  File "/Users/franklinayala/venvs/oceanicospy-dev-ffayalac/lib/python3.10/site-packages/nbclient/client.py", line 1323, in execute
    return NotebookClient(nb=nb, resources=resources, km=km, **kwargs).execute()
  File "/Users/franklinayala/venvs/oceanicospy-dev-ffayalac/lib/python3.10/site-packages/jupyter_core/utils/__init__.py", line 165, in wrapped
    return loop.run_until_complete(inner)
  File "/Library/Frameworks/Python.framework/Versions/3.10/lib/python3.10/asyncio/base_events.py", line 649, in run_until_complete
    return future.result()
  File "/Users/franklinayala/venvs/oceanicospy-dev-ffayalac/lib/python3.10/site-packages/nbclient/client.py", line 709, in async_execute
    await self.async_execute_cell(
  File "/Users/franklinayala/venvs/oceanicospy-dev-ffayalac/lib/python3.10/site-packages/nbclient/client.py", line 1062, in async_execute_cell
    await self._check_raise_for_error(cell, cell_index, exec_reply)
  File "/Users/franklinayala/venvs/oceanicospy-dev-ffayalac/lib/python3.10/site-packages/nbclient/client.py", line 918, in _check_raise_for_error
    raise CellExecutionError.from_cell_and_msg(cell, exec_reply_content)
nbclient.exceptions.CellExecutionError: An error occurred while executing the following cell:
------------------
from oceanicospy.observations import pressure_sensors
from oceanicospy.analysis import spectral
------------------


[0;31m---------------------------------------------------------------------------[0m
[0;31mModuleNotFoundError[0m                       Traceback (most recent call last)
Cell [0;32mIn[3], line 2[0m
[1;32m      1[0m [38;5;28;01mfrom[39;00m[38;5;250m [39m[38;5;21;01moceanicospy[39;00m[38;5;21;01m.[39;00m[38;5;21;01mobservations[39;00m[38;5;250m [39m[38;5;28;01mimport[39;00m pressure_sensors
[0;32m----> 2[0m [38;5;28;01mfrom[39;00m[38;5;250m [39m[38;5;21;01moceanicospy[39;00m[38;5;21;01m.[39;00m[38;5;21;01manalysis[39;00m[38;5;250m [39m[38;5;28;01mimport[39;00m spectral

File [0;32m~/Documents/projects/oceanicospy/oceanicospy/analysis/__init__.py:2[0m
[1;32m      1[0m [38;5;28;01mfrom[39;00m[38;5;250m [39m[38;5;21;01m.[39;00m[38;5;21;01mspectral[39;00m[38;5;250m [39m[38;5;28;01mimport[39;00m WaveSpectralAnalyzer
[0;32m----> 2[0m [38;5;28;01mfrom[39;00m[38;5;250m [39m[38;5;21;01m.[39;00m[38;5;21;01mtemporal[39;00m[38;5;250m [39m[38;5;28;01mimport[39;00m WaveTemporalAnalyzer

File [0;32m~/Documents/projects/oceanicospy/oceanicospy/analysis/temporal.py:3[0m
[1;32m      1[0m [38;5;28;01mimport[39;00m[38;5;250m [39m[38;5;21;01mnumpy[39;00m[38;5;250m [39m[38;5;28;01mas[39;00m[38;5;250m [39m[38;5;21;01mnp[39;00m
[1;32m      2[0m [38;5;28;01mimport[39;00m[38;5;250m [39m[38;5;21;01mpandas[39;00m[38;5;250m [39m[38;5;28;01mas[39;00m[38;5;250m [39m[38;5;21;01mpd[39;00m
[0;32m----> 3[0m [38;5;28;01mfrom[39;00m[38;5;250m [39m[38;5;21;01mPyEMD[39;00m[38;5;250m [39m[38;5;28;01mimport[39;00m CEEMDAN,EEMD,EMD
[1;32m      4[0m [38;5;28;01mfrom[39;00m[38;5;250m [39m[38;5;21;01mscipy[39;00m[38;5;21;01m.[39;00m[38;5;21;01msignal[39;00m[38;5;250m [39m[38;5;28;01mimport[39;00m resample,detrend
[1;32m      6[0m [38;5;28;01mfrom[39;00m[38;5;250m [39m[38;5;21;01m.[39;00m[38;5;21;01m.[39;00m[38;5;21;01mutils[39;00m[38;5;250m [39m[38;5;28;01mimport[39;00m wave_props

[0;31mModuleNotFoundError[0m: No module named 'PyEMD'

