Traceback (most recent call last):
  File "/Users/franklinayala/venvs/oceanicospy-dev-ffayalac/lib/python3.10/site-packages/jupyter_cache/executors/utils.py", line 58, in single_nb_execution
    executenb(
  File "/Users/franklinayala/venvs/oceanicospy-dev-ffayalac/lib/python3.10/site-packages/nbclient/client.py", line 1323, in execute
    return NotebookClient(nb=nb, resources=resources, km=km, **kwargs).execute()
  File "/Users/franklinayala/venvs/oceanicospy-dev-ffayalac/lib/python3.10/site-packages/jupyter_core/utils/__init__.py", line 165, in wrapped
    return loop.run_until_complete(inner)
  File "/Library/Frameworks/Python.framework/Versions/3.10/lib/python3.10/asyncio/base_events.py", line 649, in run_until_complete
    return future.result()
  File "/Users/franklinayala/venvs/oceanicospy-dev-ffayalac/lib/python3.10/site-packages/nbclient/client.py", line 709, in async_execute
    await self.async_execute_cell(
  File "/Users/franklinayala/venvs/oceanicospy-dev-ffayalac/lib/python3.10/site-packages/nbclient/client.py", line 1062, in async_execute_cell
    await self._check_raise_for_error(cell, cell_index, exec_reply)
  File "/Users/franklinayala/venvs/oceanicospy-dev-ffayalac/lib/python3.10/site-packages/nbclient/client.py", line 918, in _check_raise_for_error
    raise CellExecutionError.from_cell_and_msg(cell, exec_reply_content)
nbclient.exceptions.CellExecutionError: An error occurred while executing the following cell:
------------------
sampling_data = [sampling_AQ,sampling_RBR]
metadata_list=['AQ','RBR']
dict_raw_measurements = dict()
dict_clean_measurements = dict()

for idx,measurement_path in enumerate(measurement_pressure_sensors_paths):
    if 'AQ' in measurement_path:
        object_device = AQUAlogger(measurement_path, sampling_data[idx],filename='AQUAlogger_520PT5.csv')
    else:
        object_device = RBR(measurement_path,sampling_data[idx])

    raw_data = object_device.get_raw_records()
    clean_data = object_device.get_clean_records()
    dict_raw_measurements[metadata_list[idx]] = raw_data
    dict_clean_measurements[metadata_list[idx]] = clean_data
------------------


[0;31m---------------------------------------------------------------------------[0m
[0;31mFileNotFoundError[0m                         Traceback (most recent call last)
Cell [0;32mIn[5], line 12[0m
[1;32m      9[0m [38;5;28;01melse[39;00m:
[1;32m     10[0m     object_device [38;5;241m=[39m RBR(measurement_path,sampling_data[idx])
[0;32m---> 12[0m raw_data [38;5;241m=[39m [43mobject_device[49m[38;5;241;43m.[39;49m[43mget_raw_records[49m[43m([49m[43m)[49m
[1;32m     13[0m clean_data [38;5;241m=[39m object_device[38;5;241m.[39mget_clean_records()
[1;32m     14[0m dict_raw_measurements[metadata_list[idx]] [38;5;241m=[39m raw_data

File [0;32m~/Documents/projects/oceanicospy/oceanicospy/observations/pressure_sensors/pressure_sensor_base.py:139[0m, in [0;36mBaseLogger.get_raw_records[0;34m(self)[0m
[1;32m    125[0m [38;5;28;01mdef[39;00m[38;5;250m [39m[38;5;21mget_raw_records[39m([38;5;28mself[39m) [38;5;241m-[39m[38;5;241m>[39m pd[38;5;241m.[39mDataFrame:
[1;32m    126[0m [38;5;250m    [39m[38;5;124;03m"""[39;00m
[1;32m    127[0m [38;5;124;03m    Reads the records file from the device to create a DataFrame containing data.[39;00m
[1;32m    128[0m 
[0;32m   (...)[0m
[1;32m    137[0m [38;5;124;03m    The data is trimmed to include only records between the start and end record times provided.[39;00m
[1;32m    138[0m [38;5;124;03m    """[39;00m
[0;32m--> 139[0m     df [38;5;241m=[39m [38;5;28;43mself[39;49m[38;5;241;43m.[39;49m[43m_load_raw_dataframe[49m[43m([49m[43m)[49m
[1;32m    140[0m     [38;5;28;01mreturn[39;00m df

File [0;32m~/Documents/projects/oceanicospy/oceanicospy/observations/pressure_sensors/aqualogger.py:59[0m, in [0;36mAQUAlogger._load_raw_dataframe[0;34m(self)[0m
[1;32m     37[0m [38;5;28;01mdef[39;00m[38;5;250m [39m[38;5;21m_load_raw_dataframe[39m([38;5;28mself[39m):
[1;32m     38[0m [38;5;250m    [39m[38;5;124;03m"""[39;00m
[1;32m     39[0m [38;5;124;03m    Reads the AQUAlogger ``.csv`` file into a raw DataFrame.[39;00m
[1;32m     40[0m 
[0;32m   (...)[0m
[1;32m     56[0m [38;5;124;03m        If no ``HEADING`` row is found in the file.[39;00m
[1;32m     57[0m [38;5;124;03m    """[39;00m
[0;32m---> 59[0m     filepath [38;5;241m=[39m [38;5;28;43mself[39;49m[38;5;241;43m.[39;49m[43m_get_records_file[49m[43m([49m[43m)[49m
[1;32m     60[0m     [38;5;28;01mwith[39;00m [38;5;28mopen[39m(filepath, [38;5;124m"[39m[38;5;124mr[39m[38;5;124m"[39m, encoding[38;5;241m=[39m[38;5;124m"[39m[38;5;124mutf-8[39m[38;5;124m"[39m) [38;5;28;01mas[39;00m f:
[1;32m     61[0m         [38;5;28;01mfor[39;00m lineno, line [38;5;129;01min[39;00m [38;5;28menumerate[39m(f, start[38;5;241m=[39m[38;5;241m1[39m):

File [0;32m~/Documents/projects/oceanicospy/oceanicospy/observations/pressure_sensors/pressure_sensor_base.py:113[0m, in [0;36mBaseLogger._get_records_file[0;34m(self)[0m
[1;32m    111[0m files [38;5;241m=[39m glob[38;5;241m.[39mglob(os[38;5;241m.[39mpath[38;5;241m.[39mjoin([38;5;28mself[39m[38;5;241m.[39mdirectory_path, [38;5;28mself[39m[38;5;241m.[39m_file_pattern))
[1;32m    112[0m [38;5;28;01mif[39;00m [38;5;129;01mnot[39;00m files:
[0;32m--> 113[0m     [38;5;28;01mraise[39;00m [38;5;167;01mFileNotFoundError[39;00m([38;5;124mf[39m[38;5;124m"[39m[38;5;124mNo [39m[38;5;124m'[39m[38;5;132;01m{[39;00m[38;5;28mself[39m[38;5;241m.[39m_file_pattern[38;5;132;01m}[39;00m[38;5;124m'[39m[38;5;124m file found in the specified directory.[39m[38;5;124m"[39m)
[1;32m    114[0m [38;5;28;01mif[39;00m [38;5;28mlen[39m(files) [38;5;241m==[39m [38;5;241m1[39m:
[1;32m    115[0m     [38;5;28;01mreturn[39;00m files[[38;5;241m0[39m]

[0;31mFileNotFoundError[0m: No '*.csv' file found in the specified directory.

